  main.cpp
E:\ProgramDemo\VS2019\MAS\MAS\SeVectorSimd.h(152,16): error C2061: 语法错误: 标识符“SimdVector3”
E:\ProgramDemo\VS2019\MAS\MAS\SeVectorSimd.h(155,21): error C2061: 语法错误: 标识符“Simd3f”
E:\ProgramDemo\VS2019\MAS\MAS\SeVector.h(59,1): error C2118: 负下标
E:\ProgramDemo\VS2019\MAS\MAS\SeMathSimd.h(66): message : 查看对正在编译的 类 模板 实例化“SE::SeVector<float,-1>”的引用
E:\ProgramDemo\VS2019\MAS\MAS\SeMathSimd.h(84,10): error C4430: 缺少类型说明符 - 假定为 int。注意: C++ 不支持默认 int
E:\ProgramDemo\VS2019\MAS\MAS\SeMathSimd.h(84,47): error C2988: 不可识别的模板声明/定义
E:\ProgramDemo\VS2019\MAS\MAS\SeMathSimd.h(84,47): error C2143: 语法错误: 缺少“,”(在“&”的前面)
E:\ProgramDemo\VS2019\MAS\MAS\SeMathSimd.h(84,67): error C2065: “a”: 未声明的标识符
E:\ProgramDemo\VS2019\MAS\MAS\SeMathSimd.h(84,61): error C2672: “isnan”: 未找到匹配的重载函数
E:\ProgramDemo\VS2019\MAS\MAS\SeMathSimd.h(84,81): error C2065: “a”: 未声明的标识符
E:\ProgramDemo\VS2019\MAS\MAS\SeMathSimd.h(84,75): error C2672: “isnan”: 未找到匹配的重载函数
E:\ProgramDemo\VS2019\MAS\MAS\SeMathSimd.h(84,95): error C2065: “a”: 未声明的标识符
E:\ProgramDemo\VS2019\MAS\MAS\SeMathSimd.h(84,89): error C2672: “isnan”: 未找到匹配的重载函数
E:\ProgramDemo\VS2019\MAS\MAS\SeMathSimd.h(84,109): error C2065: “a”: 未声明的标识符
E:\ProgramDemo\VS2019\MAS\MAS\SeMathSimd.h(84,103): error C2672: “isnan”: 未找到匹配的重载函数
E:\ProgramDemo\VS2019\MAS\MAS\SeMathSimd.h(85,10): error C4430: 缺少类型说明符 - 假定为 int。注意: C++ 不支持默认 int
E:\ProgramDemo\VS2019\MAS\MAS\SeMathSimd.h(85,47): error C2988: 不可识别的模板声明/定义
E:\ProgramDemo\VS2019\MAS\MAS\SeMathSimd.h(85,47): error C2143: 语法错误: 缺少“,”(在“&”的前面)
E:\ProgramDemo\VS2019\MAS\MAS\SeMathSimd.h(85,67): error C2065: “a”: 未声明的标识符
E:\ProgramDemo\VS2019\MAS\MAS\SeMathSimd.h(85,61): error C2672: “isinf”: 未找到匹配的重载函数
E:\ProgramDemo\VS2019\MAS\MAS\SeMathSimd.h(85,81): error C2065: “a”: 未声明的标识符
E:\ProgramDemo\VS2019\MAS\MAS\SeMathSimd.h(85,75): error C2672: “isinf”: 未找到匹配的重载函数
E:\ProgramDemo\VS2019\MAS\MAS\SeMathSimd.h(85,95): error C2065: “a”: 未声明的标识符
E:\ProgramDemo\VS2019\MAS\MAS\SeMathSimd.h(85,89): error C2672: “isinf”: 未找到匹配的重载函数
E:\ProgramDemo\VS2019\MAS\MAS\SeMathSimd.h(85,109): error C2065: “a”: 未声明的标识符
E:\ProgramDemo\VS2019\MAS\MAS\SeMathSimd.h(85,103): error C2672: “isinf”: 未找到匹配的重载函数
E:\ProgramDemo\VS2019\MAS\MAS\SeMathSimd.h(87,23): error C7525: 内联变量至少需要 "/std:c++17"
E:\ProgramDemo\VS2019\MAS\MAS\SeMathSimd.h(87,10): error C4430: 缺少类型说明符 - 假定为 int。注意: C++ 不支持默认 int
E:\ProgramDemo\VS2019\MAS\MAS\SeMathSimd.h(87,30): error C2061: 语法错误: 标识符“Recip”
E:\ProgramDemo\VS2019\MAS\MAS\SeMathSimd.h(87,10): error C2143: 语法错误: 缺少“;”(在“{”的前面)
E:\ProgramDemo\VS2019\MAS\MAS\SeMathSimd.h(87,10): error C2447: “{”: 缺少函数标题(是否是老式的形式表?)
E:\ProgramDemo\VS2019\MAS\MAS\SeMathSimd.h(88,23): error C7525: 内联变量至少需要 "/std:c++17"
E:\ProgramDemo\VS2019\MAS\MAS\SeMathSimd.h(88,10): error C4430: 缺少类型说明符 - 假定为 int。注意: C++ 不支持默认 int
E:\ProgramDemo\VS2019\MAS\MAS\SeMathSimd.h(88,23): error C2766: 显式专用化；已定义“SE::Math::Simd3f”
E:\ProgramDemo\VS2019\MAS\MAS\SeMathSimd.h(87): message : 参见“Simd3f”的前一个定义
E:\ProgramDemo\VS2019\MAS\MAS\SeMathSimd.h(88,30): error C2061: 语法错误: 标识符“Sqrt”
E:\ProgramDemo\VS2019\MAS\MAS\SeMathSimd.h(88,53): error C2143: 语法错误: 缺少“;”(在“{”的前面)
E:\ProgramDemo\VS2019\MAS\MAS\SeMathSimd.h(88,53): error C2447: “{”: 缺少函数标题(是否是老式的形式表?)
E:\ProgramDemo\VS2019\MAS\MAS\SeMathSimd.h(89,23): error C7525: 内联变量至少需要 "/std:c++17"
E:\ProgramDemo\VS2019\MAS\MAS\SeMathSimd.h(89,10): error C4430: 缺少类型说明符 - 假定为 int。注意: C++ 不支持默认 int
E:\ProgramDemo\VS2019\MAS\MAS\SeMathSimd.h(89,23): error C2766: 显式专用化；已定义“SE::Math::Simd3f”
E:\ProgramDemo\VS2019\MAS\MAS\SeMathSimd.h(87): message : 参见“Simd3f”的前一个定义
E:\ProgramDemo\VS2019\MAS\MAS\SeMathSimd.h(89,30): error C2061: 语法错误: 标识符“Rsqrt”
E:\ProgramDemo\VS2019\MAS\MAS\SeMathSimd.h(89,54): error C2143: 语法错误: 缺少“;”(在“{”的前面)
E:\ProgramDemo\VS2019\MAS\MAS\SeMathSimd.h(89,54): error C2447: “{”: 缺少函数标题(是否是老式的形式表?)
E:\ProgramDemo\VS2019\MAS\MAS\SeMathSimd.h(90,23): error C7525: 内联变量至少需要 "/std:c++17"
E:\ProgramDemo\VS2019\MAS\MAS\SeMathSimd.h(90,10): error C4430: 缺少类型说明符 - 假定为 int。注意: C++ 不支持默认 int
E:\ProgramDemo\VS2019\MAS\MAS\SeMathSimd.h(90,23): error C2766: 显式专用化；已定义“SE::Math::Simd3f”
E:\ProgramDemo\VS2019\MAS\MAS\SeMathSimd.h(87): message : 参见“Simd3f”的前一个定义
E:\ProgramDemo\VS2019\MAS\MAS\SeMathSimd.h(90,30): error C2061: 语法错误: 标识符“Min”
E:\ProgramDemo\VS2019\MAS\MAS\SeMathSimd.h(90,70): error C2143: 语法错误: 缺少“;”(在“{”的前面)
E:\ProgramDemo\VS2019\MAS\MAS\SeMathSimd.h(90,70): error C2447: “{”: 缺少函数标题(是否是老式的形式表?)
E:\ProgramDemo\VS2019\MAS\MAS\SeMathSimd.h(92,23): error C7525: 内联变量至少需要 "/std:c++17"
E:\ProgramDemo\VS2019\MAS\MAS\SeMathSimd.h(92,10): error C4430: 缺少类型说明符 - 假定为 int。注意: C++ 不支持默认 int
E:\ProgramDemo\VS2019\MAS\MAS\SeMathSimd.h(92,23): error C2766: 显式专用化；已定义“SE::Math::Simd3f”
E:\ProgramDemo\VS2019\MAS\MAS\SeMathSimd.h(87): message : 参见“Simd3f”的前一个定义
E:\ProgramDemo\VS2019\MAS\MAS\SeMathSimd.h(92,30): error C2061: 语法错误: 标识符“Max”
E:\ProgramDemo\VS2019\MAS\MAS\SeMathSimd.h(92,70): error C2143: 语法错误: 缺少“;”(在“{”的前面)
E:\ProgramDemo\VS2019\MAS\MAS\SeMathSimd.h(92,70): error C2447: “{”: 缺少函数标题(是否是老式的形式表?)
E:\ProgramDemo\VS2019\MAS\MAS\SeMathSimd.h(94,10): error C4430: 缺少类型说明符 - 假定为 int。注意: C++ 不支持默认 int
E:\ProgramDemo\VS2019\MAS\MAS\SeMathSimd.h(94,52): error C2988: 不可识别的模板声明/定义
E:\ProgramDemo\VS2019\MAS\MAS\SeMathSimd.h(94,52): error C2143: 语法错误: 缺少“,”(在“&”的前面)
E:\ProgramDemo\VS2019\MAS\MAS\SeMathSimd.h(94,10): error C2912: 显式专用化；“float SE::Math::SqrLength(const int)”不是函数模板的专用化
E:\ProgramDemo\VS2019\MAS\MAS\SeMathSimd.h(94,70): error C2065: “a”: 未声明的标识符
E:\ProgramDemo\VS2019\MAS\MAS\SeMathSimd.h(94,73): error C2065: “a”: 未声明的标识符
E:\ProgramDemo\VS2019\MAS\MAS\SeMathSimd.h(95,1): error C4430: 缺少类型说明符 - 假定为 int。注意: C++ 不支持默认 int
E:\ProgramDemo\VS2019\MAS\MAS\SeMathSimd.h(95,49): error C2988: 不可识别的模板声明/定义
E:\ProgramDemo\VS2019\MAS\MAS\SeMathSimd.h(95,49): error C2143: 语法错误: 缺少“,”(在“&”的前面)
E:\ProgramDemo\VS2019\MAS\MAS\SeMathSimd.h(95,1): error C2912: 显式专用化；“float SE::Math::Length(const int)”不是函数模板的专用化
E:\ProgramDemo\VS2019\MAS\MAS\SeMathSimd.h(95,72): error C2065: “a”: 未声明的标识符
E:\ProgramDemo\VS2019\MAS\MAS\SeMathSimd.h(95,75): error C2065: “a”: 未声明的标识符
E:\ProgramDemo\VS2019\MAS\MAS\SeMathSimd.h(96,1): error C4430: 缺少类型说明符 - 假定为 int。注意: C++ 不支持默认 int
E:\ProgramDemo\VS2019\MAS\MAS\SeMathSimd.h(96,59): error C2988: 不可识别的模板声明/定义
E:\ProgramDemo\VS2019\MAS\MAS\SeMathSimd.h(96,59): error C2143: 语法错误: 缺少“,”(在“&”的前面)
E:\ProgramDemo\VS2019\MAS\MAS\SeMathSimd.h(96,1): error C2912: 显式专用化；“float SE::Math::RelativeDistance(const int)”不是函数模板的专用化
E:\ProgramDemo\VS2019\MAS\MAS\SeMathSimd.h(96,112): error C2065: “b”: 未声明的标识符
E:\ProgramDemo\VS2019\MAS\MAS\SeMathSimd.h(96,123): error C2065: “a”: 未声明的标识符
E:\ProgramDemo\VS2019\MAS\MAS\SeMathSimd.h(96,101): error C2672: “SE::Math::Max”: 未找到匹配的重载函数
E:\ProgramDemo\VS2019\MAS\MAS\SeMathSimd.h(96,1): error C2780: “SE::SeVector<Type,-1> SE::Math::Max(const SE::SeVector<Type,-1> &,const SE::SeVector<Type,-1> &)”: 应输入 2 个参数，却提供了 1 个
E:\ProgramDemo\VS2019\MAS\MAS\SeMathSimd.h(62): message : 参见“SE::Math::Max”的声明
E:\ProgramDemo\VS2019\MAS\MAS\SeMathSimd.h(96,1): error C2780: “Type SE::Math::Max(const Type &,const Type &,const Args &...)”: 应输入 3 个参数，却提供了 1 个
E:\ProgramDemo\VS2019\MAS\MAS\SeMath.h(126): message : 参见“SE::Math::Max”的声明
E:\ProgramDemo\VS2019\MAS\MAS\SeMathSimd.h(96,1): error C2780: “SE::SeVector<Type,N> SE::Math::Max(const SE::SeVector<Type,N> &,const SE::SeVector<Type,N> &)”: 应输入 2 个参数，却提供了 1 个
E:\ProgramDemo\VS2019\MAS\MAS\SeMath.h(122): message : 参见“SE::Math::Max”的声明
E:\ProgramDemo\VS2019\MAS\MAS\SeMathSimd.h(96,1): error C2780: “Type SE::Math::Max(Type,Type)”: 应输入 2 个参数，却提供了 1 个
E:\ProgramDemo\VS2019\MAS\MAS\SeMath.h(101): message : 参见“SE::Math::Max”的声明
E:\ProgramDemo\VS2019\MAS\MAS\SeMathSimd.h(96,181): error C2065: “b”: 未声明的标识符
E:\ProgramDemo\VS2019\MAS\MAS\SeMathSimd.h(96,185): error C2065: “a”: 未声明的标识符
E:\ProgramDemo\VS2019\MAS\MAS\SeMathSimd.h(96,174): error C2672: “SE::Math::Length”: 未找到匹配的重载函数
E:\ProgramDemo\VS2019\MAS\MAS\SeMathSimd.h(98,23): error C7525: 内联变量至少需要 "/std:c++17"
E:\ProgramDemo\VS2019\MAS\MAS\SeMathSimd.h(98,1): error C4430: 缺少类型说明符 - 假定为 int。注意: C++ 不支持默认 int
E:\ProgramDemo\VS2019\MAS\MAS\SeMathSimd.h(98,23): error C2766: 显式专用化；已定义“SE::Math::Simd3f”
E:\ProgramDemo\VS2019\MAS\MAS\SeMathSimd.h(87): message : 参见“Simd3f”的前一个定义
E:\ProgramDemo\VS2019\MAS\MAS\SeMathSimd.h(98,30): error C2061: 语法错误: 标识符“Normalize”
E:\ProgramDemo\VS2019\MAS\MAS\SeMathSimd.h(99,1): error C2143: 语法错误: 缺少“;”(在“{”的前面)
E:\ProgramDemo\VS2019\MAS\MAS\SeMathSimd.h(99,1): error C2447: “{”: 缺少函数标题(是否是老式的形式表?)
E:\ProgramDemo\VS2019\MAS\MAS\SeMathSimd.h(104,28): error C7525: 内联变量至少需要 "/std:c++17"
E:\ProgramDemo\VS2019\MAS\MAS\SeMathSimd.h(104,28): error C2365: “SE::Math::Normalized”: 重定义；以前的定义是“函数”
E:\ProgramDemo\VS2019\MAS\MAS\SeMath.h(158): message : 参见“SE::Math::Normalized”的声明
E:\ProgramDemo\VS2019\MAS\MAS\SeMathSimd.h(104,48): error C2065: “a”: 未声明的标识符
E:\ProgramDemo\VS2019\MAS\MAS\SeMathSimd.h(104,48): error C3861: “a”: 找不到标识符
E:\ProgramDemo\VS2019\MAS\MAS\SeMathSimd.h(105,1): error C2447: “{”: 缺少函数标题(是否是老式的形式表?)
E:\ProgramDemo\VS2019\MAS\MAS\SeMathSimd.h(116,12): error C7525: 内联变量至少需要 "/std:c++17"
E:\ProgramDemo\VS2019\MAS\MAS\SeMathSimd.h(116,1): error C4430: 缺少类型说明符 - 假定为 int。注意: C++ 不支持默认 int
E:\ProgramDemo\VS2019\MAS\MAS\SeMathSimd.h(116,12): error C2086: “int SE::Math::Simd3f”: 重定义
E:\ProgramDemo\VS2019\MAS\MAS\SeMathSimd.h(87): message : 参见“SE::Math::Simd3f”的声明
E:\ProgramDemo\VS2019\MAS\MAS\SeMathSimd.h(116,19): error C2146: 语法错误: 缺少“;”(在标识符“Cross”的前面)
E:\ProgramDemo\VS2019\MAS\MAS\SeMathSimd.h(116,38): error C2143: 语法错误: 缺少“,”(在“&”的前面)
E:\ProgramDemo\VS2019\MAS\MAS\SeMathSimd.h(117,1): error C4430: 缺少类型说明符 - 假定为 int。注意: C++ 不支持默认 int
E:\ProgramDemo\VS2019\MAS\MAS\SeMathSimd.h(118,3): error C2065: “__m128”: 未声明的标识符
E:\ProgramDemo\VS2019\MAS\MAS\SeMathSimd.h(118,10): error C2146: 语法错误: 缺少“;”(在标识符“t0”的前面)
E:\ProgramDemo\VS2019\MAS\MAS\SeMathSimd.h(118,10): error C2065: “t0”: 未声明的标识符
E:\ProgramDemo\VS2019\MAS\MAS\SeMathSimd.h(118,30): error C2065: “a”: 未声明的标识符
E:\ProgramDemo\VS2019\MAS\MAS\SeMathSimd.h(118,38): error C2065: “a”: 未声明的标识符
E:\ProgramDemo\VS2019\MAS\MAS\SeMathSimd.h(118,46): error C3861: “_MM_SHUFFLE”: 找不到标识符
E:\ProgramDemo\VS2019\MAS\MAS\SeMathSimd.h(118,15): error C3861: “_mm_shuffle_ps”: 找不到标识符
E:\ProgramDemo\VS2019\MAS\MAS\SeMathSimd.h(119,3): error C2065: “__m128”: 未声明的标识符
E:\ProgramDemo\VS2019\MAS\MAS\SeMathSimd.h(119,10): error C2146: 语法错误: 缺少“;”(在标识符“t1”的前面)
E:\ProgramDemo\VS2019\MAS\MAS\SeMathSimd.h(119,10): error C2065: “t1”: 未声明的标识符
E:\ProgramDemo\VS2019\MAS\MAS\SeMathSimd.h(119,30): error C2065: “b”: 未声明的标识符
E:\ProgramDemo\VS2019\MAS\MAS\SeMathSimd.h(119,38): error C2065: “b”: 未声明的标识符
E:\ProgramDemo\VS2019\MAS\MAS\SeMathSimd.h(119,46): error C3861: “_MM_SHUFFLE”: 找不到标识符
E:\ProgramDemo\VS2019\MAS\MAS\SeMathSimd.h(119,15): error C3861: “_mm_shuffle_ps”: 找不到标识符
E:\ProgramDemo\VS2019\MAS\MAS\SeMathSimd.h(121,3): error C2065: “__m128”: 未声明的标识符
E:\ProgramDemo\VS2019\MAS\MAS\SeMathSimd.h(121,10): error C2146: 语法错误: 缺少“;”(在标识符“t2”的前面)
E:\ProgramDemo\VS2019\MAS\MAS\SeMathSimd.h(121,10): error C2065: “t2”: 未声明的标识符
E:\ProgramDemo\VS2019\MAS\MAS\SeMathSimd.h(121,1): fatal error C1003: 错误计数超过 100；正在停止编译
  SeOmp.cpp
  SeSchwarzPreconditioner.cpp
E:\ProgramDemo\VS2019\MAS\MAS\SeVectorSimd.h(152,16): error C2061: 语法错误: 标识符“SimdVector3”
E:\ProgramDemo\VS2019\MAS\MAS\SeVectorSimd.h(155,21): error C2061: 语法错误: 标识符“Simd3f”
E:\ProgramDemo\VS2019\MAS\MAS\SeVector.h(59,1): error C2118: 负下标
E:\ProgramDemo\VS2019\MAS\MAS\SeMathSimd.h(66): message : 查看对正在编译的 类 模板 实例化“SE::SeVector<float,-1>”的引用
E:\ProgramDemo\VS2019\MAS\MAS\SeMathSimd.h(84,10): error C4430: 缺少类型说明符 - 假定为 int。注意: C++ 不支持默认 int
E:\ProgramDemo\VS2019\MAS\MAS\SeMathSimd.h(84,47): error C2988: 不可识别的模板声明/定义
E:\ProgramDemo\VS2019\MAS\MAS\SeMathSimd.h(84,47): error C2143: 语法错误: 缺少“,”(在“&”的前面)
E:\ProgramDemo\VS2019\MAS\MAS\SeMathSimd.h(84,67): error C2065: “a”: 未声明的标识符
E:\ProgramDemo\VS2019\MAS\MAS\SeMathSimd.h(84,61): error C2672: “isnan”: 未找到匹配的重载函数
E:\ProgramDemo\VS2019\MAS\MAS\SeMathSimd.h(84,81): error C2065: “a”: 未声明的标识符
E:\ProgramDemo\VS2019\MAS\MAS\SeMathSimd.h(84,75): error C2672: “isnan”: 未找到匹配的重载函数
E:\ProgramDemo\VS2019\MAS\MAS\SeMathSimd.h(84,95): error C2065: “a”: 未声明的标识符
E:\ProgramDemo\VS2019\MAS\MAS\SeMathSimd.h(84,89): error C2672: “isnan”: 未找到匹配的重载函数
E:\ProgramDemo\VS2019\MAS\MAS\SeMathSimd.h(84,109): error C2065: “a”: 未声明的标识符
E:\ProgramDemo\VS2019\MAS\MAS\SeMathSimd.h(84,103): error C2672: “isnan”: 未找到匹配的重载函数
E:\ProgramDemo\VS2019\MAS\MAS\SeMathSimd.h(85,10): error C4430: 缺少类型说明符 - 假定为 int。注意: C++ 不支持默认 int
E:\ProgramDemo\VS2019\MAS\MAS\SeMathSimd.h(85,47): error C2988: 不可识别的模板声明/定义
E:\ProgramDemo\VS2019\MAS\MAS\SeMathSimd.h(85,47): error C2143: 语法错误: 缺少“,”(在“&”的前面)
E:\ProgramDemo\VS2019\MAS\MAS\SeMathSimd.h(85,67): error C2065: “a”: 未声明的标识符
E:\ProgramDemo\VS2019\MAS\MAS\SeMathSimd.h(85,61): error C2672: “isinf”: 未找到匹配的重载函数
E:\ProgramDemo\VS2019\MAS\MAS\SeMathSimd.h(85,81): error C2065: “a”: 未声明的标识符
E:\ProgramDemo\VS2019\MAS\MAS\SeMathSimd.h(85,75): error C2672: “isinf”: 未找到匹配的重载函数
E:\ProgramDemo\VS2019\MAS\MAS\SeMathSimd.h(85,95): error C2065: “a”: 未声明的标识符
E:\ProgramDemo\VS2019\MAS\MAS\SeMathSimd.h(85,89): error C2672: “isinf”: 未找到匹配的重载函数
E:\ProgramDemo\VS2019\MAS\MAS\SeMathSimd.h(85,109): error C2065: “a”: 未声明的标识符
E:\ProgramDemo\VS2019\MAS\MAS\SeMathSimd.h(85,103): error C2672: “isinf”: 未找到匹配的重载函数
E:\ProgramDemo\VS2019\MAS\MAS\SeMathSimd.h(87,23): error C7525: 内联变量至少需要 "/std:c++17"
E:\ProgramDemo\VS2019\MAS\MAS\SeMathSimd.h(87,10): error C4430: 缺少类型说明符 - 假定为 int。注意: C++ 不支持默认 int
E:\ProgramDemo\VS2019\MAS\MAS\SeMathSimd.h(87,30): error C2061: 语法错误: 标识符“Recip”
E:\ProgramDemo\VS2019\MAS\MAS\SeMathSimd.h(87,10): error C2143: 语法错误: 缺少“;”(在“{”的前面)
E:\ProgramDemo\VS2019\MAS\MAS\SeMathSimd.h(87,10): error C2447: “{”: 缺少函数标题(是否是老式的形式表?)
E:\ProgramDemo\VS2019\MAS\MAS\SeMathSimd.h(88,23): error C7525: 内联变量至少需要 "/std:c++17"
E:\ProgramDemo\VS2019\MAS\MAS\SeMathSimd.h(88,10): error C4430: 缺少类型说明符 - 假定为 int。注意: C++ 不支持默认 int
E:\ProgramDemo\VS2019\MAS\MAS\SeMathSimd.h(88,23): error C2766: 显式专用化；已定义“SE::Math::Simd3f”
E:\ProgramDemo\VS2019\MAS\MAS\SeMathSimd.h(87): message : 参见“Simd3f”的前一个定义
E:\ProgramDemo\VS2019\MAS\MAS\SeMathSimd.h(88,30): error C2061: 语法错误: 标识符“Sqrt”
E:\ProgramDemo\VS2019\MAS\MAS\SeMathSimd.h(88,53): error C2143: 语法错误: 缺少“;”(在“{”的前面)
E:\ProgramDemo\VS2019\MAS\MAS\SeMathSimd.h(88,53): error C2447: “{”: 缺少函数标题(是否是老式的形式表?)
E:\ProgramDemo\VS2019\MAS\MAS\SeMathSimd.h(89,23): error C7525: 内联变量至少需要 "/std:c++17"
E:\ProgramDemo\VS2019\MAS\MAS\SeMathSimd.h(89,10): error C4430: 缺少类型说明符 - 假定为 int。注意: C++ 不支持默认 int
E:\ProgramDemo\VS2019\MAS\MAS\SeMathSimd.h(89,23): error C2766: 显式专用化；已定义“SE::Math::Simd3f”
E:\ProgramDemo\VS2019\MAS\MAS\SeMathSimd.h(87): message : 参见“Simd3f”的前一个定义
E:\ProgramDemo\VS2019\MAS\MAS\SeMathSimd.h(89,30): error C2061: 语法错误: 标识符“Rsqrt”
E:\ProgramDemo\VS2019\MAS\MAS\SeMathSimd.h(89,54): error C2143: 语法错误: 缺少“;”(在“{”的前面)
E:\ProgramDemo\VS2019\MAS\MAS\SeMathSimd.h(89,54): error C2447: “{”: 缺少函数标题(是否是老式的形式表?)
E:\ProgramDemo\VS2019\MAS\MAS\SeMathSimd.h(90,23): error C7525: 内联变量至少需要 "/std:c++17"
E:\ProgramDemo\VS2019\MAS\MAS\SeMathSimd.h(90,10): error C4430: 缺少类型说明符 - 假定为 int。注意: C++ 不支持默认 int
E:\ProgramDemo\VS2019\MAS\MAS\SeMathSimd.h(90,23): error C2766: 显式专用化；已定义“SE::Math::Simd3f”
E:\ProgramDemo\VS2019\MAS\MAS\SeMathSimd.h(87): message : 参见“Simd3f”的前一个定义
E:\ProgramDemo\VS2019\MAS\MAS\SeMathSimd.h(90,30): error C2061: 语法错误: 标识符“Min”
E:\ProgramDemo\VS2019\MAS\MAS\SeMathSimd.h(90,70): error C2143: 语法错误: 缺少“;”(在“{”的前面)
E:\ProgramDemo\VS2019\MAS\MAS\SeMathSimd.h(90,70): error C2447: “{”: 缺少函数标题(是否是老式的形式表?)
E:\ProgramDemo\VS2019\MAS\MAS\SeMathSimd.h(92,23): error C7525: 内联变量至少需要 "/std:c++17"
E:\ProgramDemo\VS2019\MAS\MAS\SeMathSimd.h(92,10): error C4430: 缺少类型说明符 - 假定为 int。注意: C++ 不支持默认 int
E:\ProgramDemo\VS2019\MAS\MAS\SeMathSimd.h(92,23): error C2766: 显式专用化；已定义“SE::Math::Simd3f”
E:\ProgramDemo\VS2019\MAS\MAS\SeMathSimd.h(87): message : 参见“Simd3f”的前一个定义
E:\ProgramDemo\VS2019\MAS\MAS\SeMathSimd.h(92,30): error C2061: 语法错误: 标识符“Max”
E:\ProgramDemo\VS2019\MAS\MAS\SeMathSimd.h(92,70): error C2143: 语法错误: 缺少“;”(在“{”的前面)
E:\ProgramDemo\VS2019\MAS\MAS\SeMathSimd.h(92,70): error C2447: “{”: 缺少函数标题(是否是老式的形式表?)
E:\ProgramDemo\VS2019\MAS\MAS\SeMathSimd.h(94,10): error C4430: 缺少类型说明符 - 假定为 int。注意: C++ 不支持默认 int
E:\ProgramDemo\VS2019\MAS\MAS\SeMathSimd.h(94,52): error C2988: 不可识别的模板声明/定义
E:\ProgramDemo\VS2019\MAS\MAS\SeMathSimd.h(94,52): error C2143: 语法错误: 缺少“,”(在“&”的前面)
E:\ProgramDemo\VS2019\MAS\MAS\SeMathSimd.h(94,10): error C2912: 显式专用化；“float SE::Math::SqrLength(const int)”不是函数模板的专用化
E:\ProgramDemo\VS2019\MAS\MAS\SeMathSimd.h(94,70): error C2065: “a”: 未声明的标识符
E:\ProgramDemo\VS2019\MAS\MAS\SeMathSimd.h(94,73): error C2065: “a”: 未声明的标识符
E:\ProgramDemo\VS2019\MAS\MAS\SeMathSimd.h(95,1): error C4430: 缺少类型说明符 - 假定为 int。注意: C++ 不支持默认 int
E:\ProgramDemo\VS2019\MAS\MAS\SeMathSimd.h(95,49): error C2988: 不可识别的模板声明/定义
E:\ProgramDemo\VS2019\MAS\MAS\SeMathSimd.h(95,49): error C2143: 语法错误: 缺少“,”(在“&”的前面)
E:\ProgramDemo\VS2019\MAS\MAS\SeMathSimd.h(95,1): error C2912: 显式专用化；“float SE::Math::Length(const int)”不是函数模板的专用化
E:\ProgramDemo\VS2019\MAS\MAS\SeMathSimd.h(95,72): error C2065: “a”: 未声明的标识符
E:\ProgramDemo\VS2019\MAS\MAS\SeMathSimd.h(95,75): error C2065: “a”: 未声明的标识符
E:\ProgramDemo\VS2019\MAS\MAS\SeMathSimd.h(96,1): error C4430: 缺少类型说明符 - 假定为 int。注意: C++ 不支持默认 int
E:\ProgramDemo\VS2019\MAS\MAS\SeMathSimd.h(96,59): error C2988: 不可识别的模板声明/定义
E:\ProgramDemo\VS2019\MAS\MAS\SeMathSimd.h(96,59): error C2143: 语法错误: 缺少“,”(在“&”的前面)
E:\ProgramDemo\VS2019\MAS\MAS\SeMathSimd.h(96,1): error C2912: 显式专用化；“float SE::Math::RelativeDistance(const int)”不是函数模板的专用化
E:\ProgramDemo\VS2019\MAS\MAS\SeMathSimd.h(96,112): error C2065: “b”: 未声明的标识符
E:\ProgramDemo\VS2019\MAS\MAS\SeMathSimd.h(96,123): error C2065: “a”: 未声明的标识符
E:\ProgramDemo\VS2019\MAS\MAS\SeMathSimd.h(96,101): error C2672: “SE::Math::Max”: 未找到匹配的重载函数
E:\ProgramDemo\VS2019\MAS\MAS\SeMathSimd.h(96,1): error C2780: “SE::SeVector<Type,-1> SE::Math::Max(const SE::SeVector<Type,-1> &,const SE::SeVector<Type,-1> &)”: 应输入 2 个参数，却提供了 1 个
E:\ProgramDemo\VS2019\MAS\MAS\SeMathSimd.h(62): message : 参见“SE::Math::Max”的声明
E:\ProgramDemo\VS2019\MAS\MAS\SeMathSimd.h(96,1): error C2780: “Type SE::Math::Max(const Type &,const Type &,const Args &...)”: 应输入 3 个参数，却提供了 1 个
E:\ProgramDemo\VS2019\MAS\MAS\SeMath.h(126): message : 参见“SE::Math::Max”的声明
E:\ProgramDemo\VS2019\MAS\MAS\SeMathSimd.h(96,1): error C2780: “SE::SeVector<Type,N> SE::Math::Max(const SE::SeVector<Type,N> &,const SE::SeVector<Type,N> &)”: 应输入 2 个参数，却提供了 1 个
E:\ProgramDemo\VS2019\MAS\MAS\SeMath.h(122): message : 参见“SE::Math::Max”的声明
E:\ProgramDemo\VS2019\MAS\MAS\SeMathSimd.h(96,1): error C2780: “Type SE::Math::Max(Type,Type)”: 应输入 2 个参数，却提供了 1 个
E:\ProgramDemo\VS2019\MAS\MAS\SeMath.h(101): message : 参见“SE::Math::Max”的声明
E:\ProgramDemo\VS2019\MAS\MAS\SeMathSimd.h(96,181): error C2065: “b”: 未声明的标识符
E:\ProgramDemo\VS2019\MAS\MAS\SeMathSimd.h(96,185): error C2065: “a”: 未声明的标识符
E:\ProgramDemo\VS2019\MAS\MAS\SeMathSimd.h(96,174): error C2672: “SE::Math::Length”: 未找到匹配的重载函数
E:\ProgramDemo\VS2019\MAS\MAS\SeMathSimd.h(98,23): error C7525: 内联变量至少需要 "/std:c++17"
E:\ProgramDemo\VS2019\MAS\MAS\SeMathSimd.h(98,1): error C4430: 缺少类型说明符 - 假定为 int。注意: C++ 不支持默认 int
E:\ProgramDemo\VS2019\MAS\MAS\SeMathSimd.h(98,23): error C2766: 显式专用化；已定义“SE::Math::Simd3f”
E:\ProgramDemo\VS2019\MAS\MAS\SeMathSimd.h(87): message : 参见“Simd3f”的前一个定义
E:\ProgramDemo\VS2019\MAS\MAS\SeMathSimd.h(98,30): error C2061: 语法错误: 标识符“Normalize”
E:\ProgramDemo\VS2019\MAS\MAS\SeMathSimd.h(99,1): error C2143: 语法错误: 缺少“;”(在“{”的前面)
E:\ProgramDemo\VS2019\MAS\MAS\SeMathSimd.h(99,1): error C2447: “{”: 缺少函数标题(是否是老式的形式表?)
E:\ProgramDemo\VS2019\MAS\MAS\SeMathSimd.h(104,28): error C7525: 内联变量至少需要 "/std:c++17"
E:\ProgramDemo\VS2019\MAS\MAS\SeMathSimd.h(104,28): error C2365: “SE::Math::Normalized”: 重定义；以前的定义是“函数”
E:\ProgramDemo\VS2019\MAS\MAS\SeMath.h(158): message : 参见“SE::Math::Normalized”的声明
E:\ProgramDemo\VS2019\MAS\MAS\SeMathSimd.h(104,48): error C2065: “a”: 未声明的标识符
E:\ProgramDemo\VS2019\MAS\MAS\SeMathSimd.h(104,48): error C3861: “a”: 找不到标识符
E:\ProgramDemo\VS2019\MAS\MAS\SeMathSimd.h(105,1): error C2447: “{”: 缺少函数标题(是否是老式的形式表?)
E:\ProgramDemo\VS2019\MAS\MAS\SeMathSimd.h(116,12): error C7525: 内联变量至少需要 "/std:c++17"
E:\ProgramDemo\VS2019\MAS\MAS\SeMathSimd.h(116,1): error C4430: 缺少类型说明符 - 假定为 int。注意: C++ 不支持默认 int
E:\ProgramDemo\VS2019\MAS\MAS\SeMathSimd.h(116,12): error C2086: “int SE::Math::Simd3f”: 重定义
E:\ProgramDemo\VS2019\MAS\MAS\SeMathSimd.h(87): message : 参见“SE::Math::Simd3f”的声明
E:\ProgramDemo\VS2019\MAS\MAS\SeMathSimd.h(116,19): error C2146: 语法错误: 缺少“;”(在标识符“Cross”的前面)
E:\ProgramDemo\VS2019\MAS\MAS\SeMathSimd.h(116,38): error C2143: 语法错误: 缺少“,”(在“&”的前面)
E:\ProgramDemo\VS2019\MAS\MAS\SeMathSimd.h(117,1): error C4430: 缺少类型说明符 - 假定为 int。注意: C++ 不支持默认 int
E:\ProgramDemo\VS2019\MAS\MAS\SeMathSimd.h(118,3): error C2065: “__m128”: 未声明的标识符
E:\ProgramDemo\VS2019\MAS\MAS\SeMathSimd.h(118,10): error C2146: 语法错误: 缺少“;”(在标识符“t0”的前面)
E:\ProgramDemo\VS2019\MAS\MAS\SeMathSimd.h(118,10): error C2065: “t0”: 未声明的标识符
E:\ProgramDemo\VS2019\MAS\MAS\SeMathSimd.h(118,30): error C2065: “a”: 未声明的标识符
E:\ProgramDemo\VS2019\MAS\MAS\SeMathSimd.h(118,38): error C2065: “a”: 未声明的标识符
E:\ProgramDemo\VS2019\MAS\MAS\SeMathSimd.h(118,46): error C3861: “_MM_SHUFFLE”: 找不到标识符
E:\ProgramDemo\VS2019\MAS\MAS\SeMathSimd.h(118,15): error C3861: “_mm_shuffle_ps”: 找不到标识符
E:\ProgramDemo\VS2019\MAS\MAS\SeMathSimd.h(119,3): error C2065: “__m128”: 未声明的标识符
E:\ProgramDemo\VS2019\MAS\MAS\SeMathSimd.h(119,10): error C2146: 语法错误: 缺少“;”(在标识符“t1”的前面)
E:\ProgramDemo\VS2019\MAS\MAS\SeMathSimd.h(119,10): error C2065: “t1”: 未声明的标识符
E:\ProgramDemo\VS2019\MAS\MAS\SeMathSimd.h(119,30): error C2065: “b”: 未声明的标识符
E:\ProgramDemo\VS2019\MAS\MAS\SeMathSimd.h(119,38): error C2065: “b”: 未声明的标识符
E:\ProgramDemo\VS2019\MAS\MAS\SeMathSimd.h(119,46): error C3861: “_MM_SHUFFLE”: 找不到标识符
E:\ProgramDemo\VS2019\MAS\MAS\SeMathSimd.h(119,15): error C3861: “_mm_shuffle_ps”: 找不到标识符
E:\ProgramDemo\VS2019\MAS\MAS\SeMathSimd.h(121,3): error C2065: “__m128”: 未声明的标识符
E:\ProgramDemo\VS2019\MAS\MAS\SeMathSimd.h(121,10): error C2146: 语法错误: 缺少“;”(在标识符“t2”的前面)
E:\ProgramDemo\VS2019\MAS\MAS\SeMathSimd.h(121,10): error C2065: “t2”: 未声明的标识符
E:\ProgramDemo\VS2019\MAS\MAS\SeMathSimd.h(121,1): fatal error C1003: 错误计数超过 100；正在停止编译
